生成启动时间为 2018/3/6 23:00:49。
     1>项目“D:\MyProj\HBC_Bootloader\HBC_Bootloader\Win_Tools\PRJ_02-AES\AES.vcxproj”在节点 2 上(build 个目标)。
     1>InitializeBuildStatus:
         正在对“.\Debug\AES.unsuccessfulbuild”执行 Touch 任务。
       ClCompile:
         C:\VS2010\VC\bin\CL.exe /c /ZI /nologo /W3 /WX- /Od /Oy- /D WIN32 /D _DEBUG /D _CONSOLE /D _VC80_UPGRADE=0x0600 /D _MBCS /Gm /EHsc /RTC1 /MTd /GS /Gy- /fp:precise /Zc:wchar_t /Zc:forScope /Fo".\Debug\\" /Fd".\Debug\vc100.pdb" /Gd /TC /analyze- /errorReport:prompt main.c
         main.c
     1>d:\myproj\hbc_bootloader\hbc_bootloader\win_tools\prj_02-aes\main.c(52): warning C4996: 'fopen': This function or variable may be unsafe. Consider using fopen_s instead. To disable deprecation, use _CRT_SECURE_NO_WARNINGS. See online help for details.
                 c:\vs2010\vc\include\stdio.h(234) : 参见“fopen”的声明
     1>d:\myproj\hbc_bootloader\hbc_bootloader\win_tools\prj_02-aes\main.c(53): warning C4996: 'fopen': This function or variable may be unsafe. Consider using fopen_s instead. To disable deprecation, use _CRT_SECURE_NO_WARNINGS. See online help for details.
                 c:\vs2010\vc\include\stdio.h(234) : 参见“fopen”的声明
     1>d:\myproj\hbc_bootloader\hbc_bootloader\win_tools\prj_02-aes\main.c(67): warning C4996: 'fopen': This function or variable may be unsafe. Consider using fopen_s instead. To disable deprecation, use _CRT_SECURE_NO_WARNINGS. See online help for details.
                 c:\vs2010\vc\include\stdio.h(234) : 参见“fopen”的声明
     1>d:\myproj\hbc_bootloader\hbc_bootloader\win_tools\prj_02-aes\main.c(85): warning C4013: “memset”未定义；假设外部返回 int
     1>d:\myproj\hbc_bootloader\hbc_bootloader\win_tools\prj_02-aes\main.c(114): warning C4996: 'fopen': This function or variable may be unsafe. Consider using fopen_s instead. To disable deprecation, use _CRT_SECURE_NO_WARNINGS. See online help for details.
                 c:\vs2010\vc\include\stdio.h(234) : 参见“fopen”的声明
     1>d:\myproj\hbc_bootloader\hbc_bootloader\win_tools\prj_02-aes\main.c(139): warning C4996: 'sprintf': This function or variable may be unsafe. Consider using sprintf_s instead. To disable deprecation, use _CRT_SECURE_NO_WARNINGS. See online help for details.
                 c:\vs2010\vc\include\stdio.h(371) : 参见“sprintf”的声明
     1>d:\myproj\hbc_bootloader\hbc_bootloader\win_tools\prj_02-aes\main.c(141): warning C4996: 'fopen': This function or variable may be unsafe. Consider using fopen_s instead. To disable deprecation, use _CRT_SECURE_NO_WARNINGS. See online help for details.
                 c:\vs2010\vc\include\stdio.h(234) : 参见“fopen”的声明
     1>d:\myproj\hbc_bootloader\hbc_bootloader\win_tools\prj_02-aes\main.c(147): warning C4996: 'fopen': This function or variable may be unsafe. Consider using fopen_s instead. To disable deprecation, use _CRT_SECURE_NO_WARNINGS. See online help for details.
                 c:\vs2010\vc\include\stdio.h(234) : 参见“fopen”的声明
     1>d:\myproj\hbc_bootloader\hbc_bootloader\win_tools\prj_02-aes\main.c(184): warning C4996: 'fopen': This function or variable may be unsafe. Consider using fopen_s instead. To disable deprecation, use _CRT_SECURE_NO_WARNINGS. See online help for details.
                 c:\vs2010\vc\include\stdio.h(234) : 参见“fopen”的声明
     1>d:\myproj\hbc_bootloader\hbc_bootloader\win_tools\prj_02-aes\main.c(191): warning C4996: 'fopen': This function or variable may be unsafe. Consider using fopen_s instead. To disable deprecation, use _CRT_SECURE_NO_WARNINGS. See online help for details.
                 c:\vs2010\vc\include\stdio.h(234) : 参见“fopen”的声明
     1>d:\myproj\hbc_bootloader\hbc_bootloader\win_tools\prj_02-aes\main.c(43): warning C4101: “a”: 未引用的局部变量
       ManifestResourceCompile:
         所有输出均为最新。
       Link:
         C:\VS2010\VC\bin\link.exe /ERRORREPORT:PROMPT /OUT:".\Debug\AES.exe" /INCREMENTAL /NOLOGO odbc32.lib odbccp32.lib kernel32.lib user32.lib gdi32.lib winspool.lib comdlg32.lib advapi32.lib shell32.lib ole32.lib oleaut32.lib uuid.lib odbc32.lib odbccp32.lib /MANIFEST /ManifestFile:".\Debug\AES.exe.intermediate.manifest" /MANIFESTUAC:"level='asInvoker' uiAccess='false'" /DEBUG /PDB:"D:\MyProj\HBC_Bootloader\HBC_Bootloader\Win_Tools\PRJ_02-AES\Debug\AES.pdb" /SUBSYSTEM:CONSOLE /TLBID:1 /DYNAMICBASE /NXCOMPAT /IMPLIB:".\Debug\AES.lib" /MACHINE:X86 .\Debug\AES.exe.embed.manifest.res
         .\Debug\AES256.obj
         .\Debug\main.obj
       Manifest:
         C:\Program Files (x86)\Microsoft SDKs\Windows\v7.0A\bin\mt.exe /nologo /verbose /out:".\Debug\AES.exe.embed.manifest" /manifest .\Debug\AES.exe.intermediate.manifest
         所有输出均为最新。
       LinkEmbedManifest:
         所有输出均为最新。
         AES.vcxproj -> D:\MyProj\HBC_Bootloader\HBC_Bootloader\Win_Tools\PRJ_02-AES\.\Debug\AES.exe
       FinalizeBuildStatus:
         正在删除文件“.\Debug\AES.unsuccessfulbuild”。
         正在对“.\Debug\AES.lastbuildstate”执行 Touch 任务。
     1>已完成生成项目“D:\MyProj\HBC_Bootloader\HBC_Bootloader\Win_Tools\PRJ_02-AES\AES.vcxproj”(build 个目标)的操作。

生成成功。

已用时间 00:00:01.45
